�Traceback (most recent call last):
  File "/usr/local/lib/python3.10/dist-packages/transformers/utils/import_utils.py", line 2317, in __getattr__

�    module = self._get_module(self._class_to_module[name])
  File "/usr/local/lib/python3.10/dist-packages/transformers/utils/import_utils.py", line 2347, in _get_module

{    raise e
  File "/usr/local/lib/python3.10/dist-packages/transformers/utils/import_utils.py", line 2345, in _get_module

    return importlib.import_module("." + module_name, self.__name__)
  File "/usr/lib/python3.10/importlib/__init__.py", line 126, in import_module
    return _bootstrap._gcd_import(name[level:], package, level)
  File "<frozen importlib._bootstrap>", line 1050, in _gcd_import

�  File "<frozen importlib._bootstrap>", line 1027, in _find_and_load
  File "<frozen importlib._bootstrap>", line 1006, in _find_and_load_unlocked

D  File "<frozen importlib._bootstrap>", line 688, in _load_unlocked

J  File "<frozen importlib._bootstrap_external>", line 883, in exec_module

�  File "<frozen importlib._bootstrap>", line 241, in _call_with_frames_removed
  File "/usr/local/lib/python3.10/dist-packages/transformers/trainer.py", line 75, in <module>

�    from .processing_utils import ProcessorMixin
  File "/usr/local/lib/python3.10/dist-packages/transformers/processing_utils.py", line 34, in <module>

�    from .audio_utils import AudioInput, load_audio
  File "/usr/local/lib/python3.10/dist-packages/transformers/audio_utils.py", line 52, in <module>

�    import soxr
ModuleNotFoundError: No module named 'soxr'

The above exception was the direct cause of the following exception:

Traceback (most recent call last):
  File "/workspace/table-to-text-flan-t5/fine_tune_gemma_1b.py", line 10, in <module>

�    from transformers import  AutoTokenizer, AutoModelForCausalLM, Trainer, TrainingArguments, DataCollatorWithPadding
  File "/usr/local/lib/python3.10/dist-packages/transformers/utils/import_utils.py", line 2320, in __getattr__

�    raise ModuleNotFoundError(
ModuleNotFoundError: Could not import module 'Trainer'. Are this object's requirements defined correctly?

removing /jobs/275574
